<?xml version="1.0" encoding="UTF-8"?>
<!-- Generated by org.testng.reporters.JUnitXMLReporter -->
<testsuite ignored="0" hostname="DESKTOP-1PLAJR2" failures="0" tests="3" name="Default test" time="29.553" errors="0" timestamp="2022-05-24T21:55:59 IST">
  <testcase classname="BlazeDemoTestCase1.BlazeDemoTest" name="launchurltest" time="13.369"/>
  <testcase classname="BlazeDemoTestCase1.BlazeDemoTest" name="logintest" time="8.462"/>
  <testcase classname="BlazeDemoTestCase1.BlazeDemoTest" name="formtest" time="7.675"/>
</testsuite> <!-- Default test -->
