<?xml version="1.0" encoding="UTF-8"?>
<testng-results ignored="0" total="3" passed="3" failed="0" skipped="0">
  <reporter-output>
  </reporter-output>
  <suite started-at="2022-05-24T21:55:30 IST" name="Default suite" finished-at="2022-05-24T21:55:59 IST" duration-ms="29553">
    <groups>
    </groups>
    <test started-at="2022-05-24T21:55:30 IST" name="Default test" finished-at="2022-05-24T21:55:59 IST" duration-ms="29553">
      <class name="BlazeDemoTestCase1.BlazeDemoTest">
        <test-method signature="launchurltest()[pri:0, instance:BlazeDemoTestCase1.BlazeDemoTest@28f3b248]" started-at="2022-05-24T21:55:30 IST" name="launchurltest" finished-at="2022-05-24T21:55:43 IST" duration-ms="13369" status="PASS">
          <reporter-output>
          </reporter-output>
        </test-method> <!-- launchurltest -->
        <test-method signature="logintest()[pri:1, instance:BlazeDemoTestCase1.BlazeDemoTest@28f3b248]" started-at="2022-05-24T21:55:43 IST" name="logintest" finished-at="2022-05-24T21:55:52 IST" duration-ms="8462" status="PASS">
          <reporter-output>
          </reporter-output>
        </test-method> <!-- logintest -->
        <test-method signature="formtest()[pri:2, instance:BlazeDemoTestCase1.BlazeDemoTest@28f3b248]" started-at="2022-05-24T21:55:52 IST" name="formtest" finished-at="2022-05-24T21:55:59 IST" duration-ms="7675" status="PASS">
          <reporter-output>
          </reporter-output>
        </test-method> <!-- formtest -->
      </class> <!-- BlazeDemoTestCase1.BlazeDemoTest -->
    </test> <!-- Default test -->
  </suite> <!-- Default suite -->
</testng-results>
